<?xml version="1.0" encoding="UTF-8"?>
<testng-results ignored="0" total="1" passed="1" failed="0" skipped="0">
  <reporter-output>
  </reporter-output>
  <suite started-at="2023-09-13T16:13:19 IST" name="Default suite" finished-at="2023-09-13T16:15:01 IST" duration-ms="102146">
    <groups>
    </groups>
    <test started-at="2023-09-13T16:13:19 IST" name="Default test" finished-at="2023-09-13T16:15:01 IST" duration-ms="102146">
      <class name="com.united.qa.testcases.MyAssignmentsPageTest">
        <test-method is-config="true" signature="setUp()[pri:0, instance:com.united.qa.testcases.MyAssignmentsPageTest@273e7444]" started-at="2023-09-13T16:13:19 IST" name="setUp" finished-at="2023-09-13T16:14:12 IST" duration-ms="52875" status="PASS">
          <reporter-output>
          </reporter-output>
        </test-method> <!-- setUp -->
        <test-method signature="myAssignmentsPageTest()[pri:0, instance:com.united.qa.testcases.MyAssignmentsPageTest@273e7444]" started-at="2023-09-13T16:14:12 IST" name="myAssignmentsPageTest" finished-at="2023-09-13T16:15:01 IST" duration-ms="48985" status="PASS">
          <reporter-output>
          </reporter-output>
        </test-method> <!-- myAssignmentsPageTest -->
        <test-method is-config="true" signature="tearDown()[pri:0, instance:com.united.qa.testcases.MyAssignmentsPageTest@273e7444]" started-at="2023-09-13T16:15:01 IST" name="tearDown" finished-at="2023-09-13T16:15:01 IST" duration-ms="269" status="PASS">
          <reporter-output>
          </reporter-output>
        </test-method> <!-- tearDown -->
      </class> <!-- com.united.qa.testcases.MyAssignmentsPageTest -->
    </test> <!-- Default test -->
  </suite> <!-- Default suite -->
</testng-results>
