<?xml version="1.0" encoding="UTF-8"?>
<testng-results ignored="0" total="1" passed="1" failed="0" skipped="0">
  <reporter-output>
  </reporter-output>
  <suite started-at="2023-09-13T14:56:34 IST" name="Default suite" finished-at="2023-09-13T14:57:46 IST" duration-ms="72628">
    <groups>
    </groups>
    <test started-at="2023-09-13T14:56:34 IST" name="Default test" finished-at="2023-09-13T14:57:46 IST" duration-ms="72628">
      <class name="com.united.qa.testcases.AddCommandPageTest">
        <test-method is-config="true" signature="setUp()[pri:0, instance:com.united.qa.testcases.AddCommandPageTest@273e7444]" started-at="2023-09-13T14:56:34 IST" name="setUp" finished-at="2023-09-13T14:57:21 IST" duration-ms="47331" status="PASS">
          <reporter-output>
          </reporter-output>
        </test-method> <!-- setUp -->
        <test-method signature="uploadFileTest()[pri:0, instance:com.united.qa.testcases.AddCommandPageTest@273e7444]" started-at="2023-09-13T14:57:21 IST" name="uploadFileTest" finished-at="2023-09-13T14:57:46 IST" duration-ms="24896" status="PASS">
          <reporter-output>
          </reporter-output>
        </test-method> <!-- uploadFileTest -->
        <test-method is-config="true" signature="tearDown()[pri:0, instance:com.united.qa.testcases.AddCommandPageTest@273e7444]" started-at="2023-09-13T14:57:46 IST" name="tearDown" finished-at="2023-09-13T14:57:46 IST" duration-ms="345" status="PASS">
          <reporter-output>
          </reporter-output>
        </test-method> <!-- tearDown -->
      </class> <!-- com.united.qa.testcases.AddCommandPageTest -->
    </test> <!-- Default test -->
  </suite> <!-- Default suite -->
</testng-results>
