<?xml version="1.0" encoding="UTF-8"?>
<!-- Generated by org.testng.reporters.JUnitXMLReporter -->
<testsuite ignored="0" hostname="Tarun" failures="0" tests="3" name="Default test" time="108.361" errors="0" timestamp="2023-09-12T18:29:36 IST">
  <testcase classname="com.united.qa.testcases.HomePageTest" name="homePageTitleTest" time="8.04"/>
  <testcase classname="com.united.qa.testcases.HomePageTest" name="verifyImageLogoTest" time="8.075"/>
  <testcase classname="com.united.qa.testcases.HomePageTest" name="clickMyAssignmentsLinkTest" time="4.169"/>
</testsuite> <!-- Default test -->
